{
  "RSpec": {
    "coverage": {
      "/Users/joaoabbott-gribben/Projects/messaging/spec/features/infrastructure_spec.rb": [
        1,
        1,
        1,
        1,
        null,
        null
      ],
      "/Users/joaoabbott-gribben/Projects/messaging/spec/features/input_spec.rb": [
        1,
        1,
        1,
        1,
        1,
        1,
        null,
        null
      ],
      "/Users/joaoabbott-gribben/Projects/messaging/spec/features/messenger_spec.rb": [
        1,
        1,
        1,
        1,
        null,
        null
      ]
    },
    "timestamp": 1545062633
  }
}
