{
  "RSpec": {
    "coverage": {
      "/Users/georgeslevaillant/Documents/Makers/messenger/spec/features/delete_message_spec.rb": [
        1,
        null,
        1,
        1,
        1,
        1,
        null,
        1,
        null,
        null
      ],
      "/Users/georgeslevaillant/Documents/Makers/messenger/spec/features/web_helper.rb": [
        1,
        1,
        1,
        1,
        1,
        null,
        null,
        1,
        5,
        5,
        5,
        5,
        5,
        null,
        null,
        1,
        1,
        1,
        1,
        1,
        1,
        1,
        1,
        1,
        1,
        1,
        null
      ],
      "/Users/georgeslevaillant/Documents/Makers/messenger/spec/features/edit_message_spec.rb": [
        1,
        null,
        1,
        null,
        1,
        1,
        1,
        null,
        1,
        null,
        null,
        1,
        1,
        1,
        null,
        1,
        null,
        null,
        1,
        1,
        1,
        1,
        1,
        null,
        1,
        1,
        null,
        null
      ],
      "/Users/georgeslevaillant/Documents/Makers/messenger/spec/features/infrastructure_spec.rb": [
        1,
        1,
        1,
        1,
        null,
        null,
        null
      ],
      "/Users/georgeslevaillant/Documents/Makers/messenger/spec/features/input_spec.rb": [
        1,
        null,
        1,
        1,
        1,
        1,
        null,
        null
      ],
      "/Users/georgeslevaillant/Documents/Makers/messenger/spec/features/message_link_spec.rb": [
        null,
        1,
        null,
        1,
        1,
        1,
        null,
        1,
        null,
        null
      ],
      "/Users/georgeslevaillant/Documents/Makers/messenger/spec/features/messenger_spec.rb": [
        1,
        null,
        1,
        1,
        1,
        null,
        1,
        null,
        null,
        null,
        1,
        1,
        1,
        null,
        1,
        1,
        1,
        null,
        null,
        1,
        1,
        1,
        1,
        1,
        null,
        1,
        1,
        null,
        null
      ],
      "/Users/georgeslevaillant/Documents/Makers/messenger/spec/features/tag_spec.rb": [
        1,
        null,
        1,
        1,
        1,
        1,
        1,
        null,
        1,
        null,
        null,
        null
      ]
    },
    "timestamp": 1546944513
  }
}
